# JRE version: Java(TM) SE Runtime Environment (14.0.1+7) (build 14.0.1+7)
# Java VM: Java HotSpot(TM) 64-Bit Server VM (14.0.1+7, mixed mode, sharing, tiered, compressed oops, g1 gc, windows-amd64)
Heap:
 garbage-first heap   total 153600K, used 45842K [0x0000000701e00000, 0x0000000800000000)
  region size 1024K, 3 young (3072K), 3 survivors (3072K)
 Metaspace       used 86646K, capacity 88811K, committed 88880K, reserved 1128448K
  class space    used 10025K, capacity 10839K, committed 10880K, reserved 1048576K
GC Heap History (20 events):
Event: 13.683 GC heap after
{Heap after GC invocations=38 (full 0):
 garbage-first heap   total 106496K, used 30532K [0x0000000701e00000, 0x0000000800000000)
  region size 1024K, 6 young (6144K), 6 survivors (6144K)
 Metaspace       used 66576K, capacity 68351K, committed 68528K, reserved 1110016K
  class space    used 7727K, capacity 8415K, committed 8448K, reserved 1048576K
}
Event: 14.124 GC heap before
{Heap before GC invocations=38 (full 0):
 garbage-first heap   total 106496K, used 86852K [0x0000000701e00000, 0x0000000800000000)
  region size 1024K, 61 young (62464K), 6 survivors (6144K)
 Metaspace       used 68383K, capacity 70268K, committed 70576K, reserved 1112064K
  class space    used 7930K, capacity 8625K, committed 8704K, reserved 1048576K
}
Event: 14.128 GC heap after
{Heap after GC invocations=39 (full 0):
 garbage-first heap   total 106496K, used 32195K [0x0000000701e00000, 0x0000000800000000)
  region size 1024K, 6 young (6144K), 6 survivors (6144K)
 Metaspace       used 68383K, capacity 70268K, committed 70576K, reserved 1112064K
  class space    used 7930K, capacity 8625K, committed 8704K, reserved 1048576K
}
Event: 14.512 GC heap before
{Heap before GC invocations=39 (full 0):
 garbage-first heap   total 106496K, used 87491K [0x0000000701e00000, 0x0000000800000000)
  region size 1024K, 60 young (61440K), 6 survivors (6144K)
 Metaspace       used 69865K, capacity 71722K, committed 71984K, reserved 1112064K
  class space    used 8104K, capacity 8812K, committed 8832K, reserved 1048576K
}
Event: 14.518 GC heap after
{Heap after GC invocations=40 (full 0):
 garbage-first heap   total 106496K, used 33759K [0x0000000701e00000, 0x0000000800000000)
  region size 1024K, 5 young (5120K), 5 survivors (5120K)
 Metaspace       used 69865K, capacity 71722K, committed 71984K, reserved 1112064K
  class space    used 8104K, capacity 8812K, committed 8832K, reserved 1048576K
}
Event: 15.029 GC heap before
{Heap before GC invocations=40 (full 0):
 garbage-first heap   total 106496K, used 88031K [0x0000000701e00000, 0x0000000800000000)
  region size 1024K, 58 young (59392K), 5 survivors (5120K)
 Metaspace       used 71258K, capacity 73194K, committed 73264K, reserved 1114112K
  class space    used 8262K, capacity 9039K, committed 9088K, reserved 1048576K
}
Event: 15.035 GC heap after
{Heap after GC invocations=41 (full 0):
 garbage-first heap   total 106496K, used 35730K [0x0000000701e00000, 0x0000000800000000)
  region size 1024K, 6 young (6144K), 6 survivors (6144K)
 Metaspace       used 71258K, capacity 73194K, committed 73264K, reserved 1114112K
  class space    used 8262K, capacity 9039K, committed 9088K, reserved 1048576K
}
Event: 15.505 GC heap before
{Heap before GC invocations=41 (full 0):
 garbage-first heap   total 106496K, used 86930K [0x0000000701e00000, 0x0000000800000000)
  region size 1024K, 56 young (57344K), 6 survivors (6144K)
 Metaspace       used 74414K, capacity 76462K, committed 76720K, reserved 1116160K
  class space    used 8628K, capacity 9419K, committed 9472K, reserved 1048576K
}
Event: 15.510 GC heap after
{Heap after GC invocations=42 (full 0):
 garbage-first heap   total 128000K, used 38989K [0x0000000701e00000, 0x0000000800000000)
  region size 1024K, 7 young (7168K), 7 survivors (7168K)
 Metaspace       used 74414K, capacity 76462K, committed 76720K, reserved 1116160K
  class space    used 8628K, capacity 9419K, committed 9472K, reserved 1048576K
}
Event: 16.134 GC heap before
{Heap before GC invocations=42 (full 0):
 garbage-first heap   total 128000K, used 103501K [0x0000000701e00000, 0x0000000800000000)
  region size 1024K, 70 young (71680K), 7 survivors (7168K)
 Metaspace       used 78294K, capacity 80391K, committed 80560K, reserved 1120256K
  class space    used 9143K, capacity 9955K, committed 9984K, reserved 1048576K
}
Event: 16.140 GC heap after
{Heap after GC invocations=43 (full 0):
 garbage-first heap   total 128000K, used 39115K [0x0000000701e00000, 0x0000000800000000)
  region size 1024K, 5 young (5120K), 5 survivors (5120K)
 Metaspace       used 78294K, capacity 80391K, committed 80560K, reserved 1120256K
  class space    used 9143K, capacity 9955K, committed 9984K, reserved 1048576K
}
Event: 16.390 GC heap before
{Heap before GC invocations=43 (full 0):
 garbage-first heap   total 128000K, used 103627K [0x0000000701e00000, 0x0000000800000000)
  region size 1024K, 68 young (69632K), 5 survivors (5120K)
 Metaspace       used 80965K, capacity 83122K, committed 83248K, reserved 1122304K
  class space    used 9508K, capacity 10333K, committed 10368K, reserved 1048576K
}
Event: 16.393 GC heap after
{Heap after GC invocations=44 (full 0):
 garbage-first heap   total 128000K, used 39453K [0x0000000701e00000, 0x0000000800000000)
  region size 1024K, 5 young (5120K), 5 survivors (5120K)
 Metaspace       used 80965K, capacity 83122K, committed 83248K, reserved 1122304K
  class space    used 9508K, capacity 10333K, committed 10368K, reserved 1048576K
}
Event: 17.685 GC heap before
{Heap before GC invocations=44 (full 0):
 garbage-first heap   total 128000K, used 106013K [0x0000000701e00000, 0x0000000800000000)
  region size 1024K, 69 young (70656K), 5 survivors (5120K)
 Metaspace       used 85447K, capacity 87599K, committed 87856K, reserved 1126400K
  class space    used 9990K, capacity 10815K, committed 10880K, reserved 1048576K
}
Event: 17.690 GC heap after
{Heap after GC invocations=45 (full 0):
 garbage-first heap   total 128000K, used 41717K [0x0000000701e00000, 0x0000000800000000)
  region size 1024K, 7 young (7168K), 7 survivors (7168K)
 Metaspace       used 85447K, capacity 87599K, committed 87856K, reserved 1126400K
  class space    used 9990K, capacity 10815K, committed 10880K, reserved 1048576K
}
Event: 18.268 GC heap before
{Heap before GC invocations=45 (full 0):
 garbage-first heap   total 128000K, used 104181K [0x0000000701e00000, 0x0000000800000000)
  region size 1024K, 69 young (70656K), 7 survivors (7168K)
 Metaspace       used 86125K, capacity 88231K, committed 88368K, reserved 1126400K
  class space    used 10002K, capacity 10825K, committed 10880K, reserved 1048576K
}
Event: 18.276 GC heap after
{Heap after GC invocations=46 (full 0):
 garbage-first heap   total 128000K, used 44320K [0x0000000701e00000, 0x0000000800000000)
  region size 1024K, 7 young (7168K), 7 survivors (7168K)
 Metaspace       used 86125K, capacity 88231K, committed 88368K, reserved 1126400K
  class space    used 10002K, capacity 10825K, committed 10880K, reserved 1048576K
}
Event: 18.910 GC heap before
{Heap before GC invocations=46 (full 0):
 garbage-first heap   total 128000K, used 104736K [0x0000000701e00000, 0x0000000800000000)
  region size 1024K, 66 young (67584K), 7 survivors (7168K)
 Metaspace       used 86322K, capacity 88467K, committed 88624K, reserved 1126400K
  class space    used 10008K, capacity 10836K, committed 10880K, reserved 1048576K
}
Event: 18.917 GC heap after
{Heap after GC invocations=47 (full 0):
 garbage-first heap   total 128000K, used 46917K [0x0000000701e00000, 0x0000000800000000)
  region size 1024K, 6 young (6144K), 6 survivors (6144K)
 Metaspace       used 86322K, capacity 88467K, committed 88624K, reserved 1126400K
  class space    used 10008K, capacity 10836K, committed 10880K, reserved 1048576K
}
Event: 19.336 GC heap before
{Heap before GC invocations=47 (full 0):
 garbage-first heap   total 128000K, used 105285K [0x0000000701e00000, 0x0000000800000000)
  region size 1024K, 63 young (64512K), 6 survivors (6144K)
 Metaspace       used 86646K, capacity 88811K, committed 88880K, reserved 1128448K
  class space    used 10025K, capacity 10839K, committed 10880K, reserved 1048576K
}

