# JRE version: Java(TM) SE Runtime Environment (14.0.1+7) (build 14.0.1+7)
# Java VM: Java HotSpot(TM) 64-Bit Server VM (14.0.1+7, mixed mode, sharing, tiered, compressed oops, g1 gc, windows-amd64)
Heap:
 garbage-first heap   total 158720K, used 129336K [0x0000000701e00000, 0x0000000800000000)
  region size 1024K, 83 young (84992K), 6 survivors (6144K)
 Metaspace       used 100672K, capacity 103419K, committed 103580K, reserved 1140736K
  class space    used 11603K, capacity 12662K, committed 12780K, reserved 1048576K
GC Heap History (20 events):
Event: 15.399 GC heap before
{Heap before GC invocations=41 (full 0):
 garbage-first heap   total 158720K, used 128192K [0x0000000701e00000, 0x0000000800000000)
  region size 1024K, 93 young (95232K), 6 survivors (6144K)
 Metaspace       used 85551K, capacity 87738K, committed 87836K, reserved 1126400K
  class space    used 9992K, capacity 10817K, committed 10860K, reserved 1048576K
}
Event: 15.406 GC heap after
{Heap after GC invocations=42 (full 0):
 garbage-first heap   total 158720K, used 41390K [0x0000000701e00000, 0x0000000800000000)
  region size 1024K, 9 young (9216K), 9 survivors (9216K)
 Metaspace       used 85551K, capacity 87738K, committed 87836K, reserved 1126400K
  class space    used 9992K, capacity 10817K, committed 10860K, reserved 1048576K
}
Event: 16.081 GC heap before
{Heap before GC invocations=42 (full 0):
 garbage-first heap   total 158720K, used 126382K [0x0000000701e00000, 0x0000000800000000)
  region size 1024K, 93 young (95232K), 9 survivors (9216K)
 Metaspace       used 86245K, capacity 88448K, committed 88604K, reserved 1126400K
  class space    used 10004K, capacity 10830K, committed 10860K, reserved 1048576K
}
Event: 16.089 GC heap after
{Heap after GC invocations=43 (full 0):
 garbage-first heap   total 158720K, used 44690K [0x0000000701e00000, 0x0000000800000000)
  region size 1024K, 9 young (9216K), 9 survivors (9216K)
 Metaspace       used 86245K, capacity 88448K, committed 88604K, reserved 1126400K
  class space    used 10004K, capacity 10830K, committed 10860K, reserved 1048576K
}
Event: 16.608 GC heap before
{Heap before GC invocations=43 (full 0):
 garbage-first heap   total 158720K, used 129682K [0x0000000701e00000, 0x0000000800000000)
  region size 1024K, 92 young (94208K), 9 survivors (9216K)
 Metaspace       used 86671K, capacity 88881K, committed 89116K, reserved 1128448K
  class space    used 10024K, capacity 10840K, committed 10860K, reserved 1048576K
}
Event: 16.612 GC heap after
{Heap after GC invocations=44 (full 0):
 garbage-first heap   total 158720K, used 44371K [0x0000000701e00000, 0x0000000800000000)
  region size 1024K, 5 young (5120K), 5 survivors (5120K)
 Metaspace       used 86671K, capacity 88881K, committed 89116K, reserved 1128448K
  class space    used 10024K, capacity 10840K, committed 10860K, reserved 1048576K
}
Event: 17.527 GC heap before
{Heap before GC invocations=44 (full 0):
 garbage-first heap   total 158720K, used 130387K [0x0000000701e00000, 0x0000000800000000)
  region size 1024K, 90 young (92160K), 5 survivors (5120K)
 Metaspace       used 87631K, capacity 89907K, committed 90012K, reserved 1128448K
  class space    used 10063K, capacity 10893K, committed 10988K, reserved 1048576K
}
Event: 17.531 GC heap after
{Heap after GC invocations=45 (full 0):
 garbage-first heap   total 158720K, used 46344K [0x0000000701e00000, 0x0000000800000000)
  region size 1024K, 7 young (7168K), 7 survivors (7168K)
 Metaspace       used 87631K, capacity 89907K, committed 90012K, reserved 1128448K
  class space    used 10063K, capacity 10893K, committed 10988K, reserved 1048576K
}
Event: 18.300 GC heap before
{Heap before GC invocations=45 (full 0):
 garbage-first heap   total 158720K, used 129288K [0x0000000701e00000, 0x0000000800000000)
  region size 1024K, 89 young (91136K), 7 survivors (7168K)
 Metaspace       used 88386K, capacity 90642K, committed 90908K, reserved 1128448K
  class space    used 10157K, capacity 11028K, committed 11116K, reserved 1048576K
}
Event: 18.305 GC heap after
{Heap after GC invocations=46 (full 0):
 garbage-first heap   total 158720K, used 49231K [0x0000000701e00000, 0x0000000800000000)
  region size 1024K, 9 young (9216K), 9 survivors (9216K)
 Metaspace       used 88386K, capacity 90642K, committed 90908K, reserved 1128448K
  class space    used 10157K, capacity 11028K, committed 11116K, reserved 1048576K
}
Event: 18.855 GC heap before
{Heap before GC invocations=46 (full 0):
 garbage-first heap   total 158720K, used 130127K [0x0000000701e00000, 0x0000000800000000)
  region size 1024K, 89 young (91136K), 9 survivors (9216K)
 Metaspace       used 88755K, capacity 91044K, committed 91164K, reserved 1130496K
  class space    used 10165K, capacity 11030K, committed 11116K, reserved 1048576K
}
Event: 18.861 GC heap after
{Heap after GC invocations=47 (full 0):
 garbage-first heap   total 158720K, used 52493K [0x0000000701e00000, 0x0000000800000000)
  region size 1024K, 10 young (10240K), 10 survivors (10240K)
 Metaspace       used 88755K, capacity 91044K, committed 91164K, reserved 1130496K
  class space    used 10165K, capacity 11030K, committed 11116K, reserved 1048576K
}
Event: 19.298 GC heap before
{Heap before GC invocations=47 (full 0):
 garbage-first heap   total 158720K, used 129293K [0x0000000701e00000, 0x0000000800000000)
  region size 1024K, 85 young (87040K), 10 survivors (10240K)
 Metaspace       used 90154K, capacity 92527K, committed 92700K, reserved 1130496K
  class space    used 10368K, capacity 11287K, committed 11372K, reserved 1048576K
}
Event: 19.304 GC heap after
{Heap after GC invocations=48 (full 0):
 garbage-first heap   total 158720K, used 50272K [0x0000000701e00000, 0x0000000800000000)
  region size 1024K, 4 young (4096K), 4 survivors (4096K)
 Metaspace       used 90154K, capacity 92527K, committed 92700K, reserved 1130496K
  class space    used 10368K, capacity 11287K, committed 11372K, reserved 1048576K
}
Event: 19.763 GC heap before
{Heap before GC invocations=48 (full 0):
 garbage-first heap   total 158720K, used 132192K [0x0000000701e00000, 0x0000000800000000)
  region size 1024K, 84 young (86016K), 4 survivors (4096K)
 Metaspace       used 93010K, capacity 95426K, committed 95516K, reserved 1132544K
  class space    used 10701K, capacity 11614K, committed 11628K, reserved 1048576K
}
Event: 19.766 GC heap after
{Heap after GC invocations=49 (full 0):
 garbage-first heap   total 158720K, used 51280K [0x0000000701e00000, 0x0000000800000000)
  region size 1024K, 5 young (5120K), 5 survivors (5120K)
 Metaspace       used 93010K, capacity 95426K, committed 95516K, reserved 1132544K
  class space    used 10701K, capacity 11614K, committed 11628K, reserved 1048576K
}
Event: 21.561 GC heap before
{Heap before GC invocations=49 (full 0):
 garbage-first heap   total 158720K, used 132176K [0x0000000701e00000, 0x0000000800000000)
  region size 1024K, 84 young (86016K), 5 survivors (5120K)
 Metaspace       used 96464K, capacity 99028K, committed 99100K, reserved 1136640K
  class space    used 11146K, capacity 12136K, committed 12140K, reserved 1048576K
}
Event: 21.565 GC heap after
{Heap after GC invocations=50 (full 0):
 garbage-first heap   total 158720K, used 52457K [0x0000000701e00000, 0x0000000800000000)
  region size 1024K, 6 young (6144K), 6 survivors (6144K)
 Metaspace       used 96464K, capacity 99028K, committed 99100K, reserved 1136640K
  class space    used 11146K, capacity 12136K, committed 12140K, reserved 1048576K
}
Event: 22.306 GC heap before
{Heap before GC invocations=50 (full 0):
 garbage-first heap   total 158720K, used 90345K [0x0000000701e00000, 0x0000000800000000)
  region size 1024K, 44 young (45056K), 6 survivors (6144K)
 Metaspace       used 98192K, capacity 100811K, committed 100892K, reserved 1138688K
  class space    used 11355K, capacity 12373K, committed 12396K, reserved 1048576K
}
Event: 22.310 GC heap after
{Heap after GC invocations=51 (full 0):
 garbage-first heap   total 158720K, used 52536K [0x0000000701e00000, 0x0000000800000000)
  region size 1024K, 6 young (6144K), 6 survivors (6144K)
 Metaspace       used 98192K, capacity 100811K, committed 100892K, reserved 1138688K
  class space    used 11355K, capacity 12373K, committed 12396K, reserved 1048576K
}

